# JRE version: OpenJDK Runtime Environment (21.0.5) (build 21.0.5+-13047016-b750.29)
# Java VM: OpenJDK 64-Bit Server VM (21.0.5+-13047016-b750.29, mixed mode, tiered, compressed oops, compressed class ptrs, g1 gc, windows-amd64)
GC Precious Log:
 CardTable entry size: 512
 Card Set container configuration: InlinePtr #cards 5 size 8 Array Of Cards #cards 12 size 40 Howl #buckets 4 coarsen threshold 1843 Howl Bitmap #cards 512 size 80 coarsen threshold 460 Card regions per heap region 1 cards per card region 2048
 CPUs: 16 total, 16 available
 Memory: 14173M
 Large Page Support: Disabled
 NUMA Support: Disabled
 Compressed Oops: Enabled (32-bit)
 Heap Region Size: 1M
 Heap Min Capacity: 8M
 Heap Initial Capacity: 222M
 Heap Max Capacity: 2G
 Pre-touch: Disabled
 Parallel Workers: 13
 Concurrent Workers: 3
 Concurrent Refinement Workers: 13
 Periodic GC: Disabled
Heap:
 garbage-first heap   total 171008K, used 105159K [0x0000000080000000, 0x0000000100000000)
  region size 1024K, 17 young (17408K), 5 survivors (5120K)
 Metaspace       used 106942K, committed 108992K, reserved 1179648K
  class space    used 14400K, committed 15424K, reserved 1048576K
GC Heap History (20 events):
Event: 9.009 GC heap before
{Heap before GC invocations=21 (full 0):
 garbage-first heap   total 136192K, used 71866K [0x0000000080000000, 0x0000000100000000)
  region size 1024K, 12 young (12288K), 3 survivors (3072K)
 Metaspace       used 79136K, committed 80960K, reserved 1179648K
  class space    used 10543K, committed 11456K, reserved 1048576K
}
Event: 9.012 GC heap after
{Heap after GC invocations=22 (full 0):
 garbage-first heap   total 136192K, used 64925K [0x0000000080000000, 0x0000000100000000)
  region size 1024K, 4 young (4096K), 4 survivors (4096K)
 Metaspace       used 79136K, committed 80960K, reserved 1179648K
  class space    used 10543K, committed 11456K, reserved 1048576K
}
Event: 9.565 GC heap before
{Heap before GC invocations=23 (full 0):
 garbage-first heap   total 136192K, used 128413K [0x0000000080000000, 0x0000000100000000)
  region size 1024K, 61 young (62464K), 4 survivors (4096K)
 Metaspace       used 82687K, committed 84608K, reserved 1179648K
  class space    used 11008K, committed 11968K, reserved 1048576K
}
Event: 9.569 GC heap after
{Heap after GC invocations=24 (full 0):
 garbage-first heap   total 138240K, used 70702K [0x0000000080000000, 0x0000000100000000)
  region size 1024K, 8 young (8192K), 8 survivors (8192K)
 Metaspace       used 82687K, committed 84608K, reserved 1179648K
  class space    used 11008K, committed 11968K, reserved 1048576K
}
Event: 10.043 GC heap before
{Heap before GC invocations=24 (full 0):
 garbage-first heap   total 138240K, used 120878K [0x0000000080000000, 0x0000000100000000)
  region size 1024K, 57 young (58368K), 8 survivors (8192K)
 Metaspace       used 85733K, committed 87552K, reserved 1179648K
  class space    used 11386K, committed 12288K, reserved 1048576K
}
Event: 10.049 GC heap after
{Heap after GC invocations=25 (full 0):
 garbage-first heap   total 138240K, used 74429K [0x0000000080000000, 0x0000000100000000)
  region size 1024K, 5 young (5120K), 5 survivors (5120K)
 Metaspace       used 85733K, committed 87552K, reserved 1179648K
  class space    used 11386K, committed 12288K, reserved 1048576K
}
Event: 10.328 GC heap before
{Heap before GC invocations=25 (full 0):
 garbage-first heap   total 138240K, used 101053K [0x0000000080000000, 0x0000000100000000)
  region size 1024K, 32 young (32768K), 5 survivors (5120K)
 Metaspace       used 87862K, committed 89792K, reserved 1179648K
  class space    used 11685K, committed 12672K, reserved 1048576K
}
Event: 10.331 GC heap after
{Heap after GC invocations=26 (full 0):
 garbage-first heap   total 138240K, used 76415K [0x0000000080000000, 0x0000000100000000)
  region size 1024K, 2 young (2048K), 2 survivors (2048K)
 Metaspace       used 87862K, committed 89792K, reserved 1179648K
  class space    used 11685K, committed 12672K, reserved 1048576K
}
Event: 10.975 GC heap before
{Heap before GC invocations=27 (full 0):
 garbage-first heap   total 138240K, used 127615K [0x0000000080000000, 0x0000000100000000)
  region size 1024K, 51 young (52224K), 2 survivors (2048K)
 Metaspace       used 91863K, committed 93760K, reserved 1179648K
  class space    used 12391K, committed 13312K, reserved 1048576K
}
Event: 10.978 GC heap after
{Heap after GC invocations=28 (full 0):
 garbage-first heap   total 138240K, used 77751K [0x0000000080000000, 0x0000000100000000)
  region size 1024K, 3 young (3072K), 3 survivors (3072K)
 Metaspace       used 91863K, committed 93760K, reserved 1179648K
  class space    used 12391K, committed 13312K, reserved 1048576K
}
Event: 11.540 GC heap before
{Heap before GC invocations=28 (full 0):
 garbage-first heap   total 138240K, used 126903K [0x0000000080000000, 0x0000000100000000)
  region size 1024K, 51 young (52224K), 3 survivors (3072K)
 Metaspace       used 95867K, committed 97856K, reserved 1179648K
  class space    used 12955K, committed 13952K, reserved 1048576K
}
Event: 11.544 GC heap after
{Heap after GC invocations=29 (full 0):
 garbage-first heap   total 138240K, used 79431K [0x0000000080000000, 0x0000000100000000)
  region size 1024K, 6 young (6144K), 6 survivors (6144K)
 Metaspace       used 95867K, committed 97856K, reserved 1179648K
  class space    used 12955K, committed 13952K, reserved 1048576K
}
Event: 12.023 GC heap before
{Heap before GC invocations=29 (full 0):
 garbage-first heap   total 138240K, used 123463K [0x0000000080000000, 0x0000000100000000)
  region size 1024K, 49 young (50176K), 6 survivors (6144K)
 Metaspace       used 99394K, committed 101440K, reserved 1179648K
  class space    used 13496K, committed 14528K, reserved 1048576K
}
Event: 12.028 GC heap after
{Heap after GC invocations=30 (full 0):
 garbage-first heap   total 138240K, used 81230K [0x0000000080000000, 0x0000000100000000)
  region size 1024K, 5 young (5120K), 5 survivors (5120K)
 Metaspace       used 99394K, committed 101440K, reserved 1179648K
  class space    used 13496K, committed 14528K, reserved 1048576K
}
Event: 12.515 GC heap before
{Heap before GC invocations=31 (full 0):
 garbage-first heap   total 138240K, used 123214K [0x0000000080000000, 0x0000000100000000)
  region size 1024K, 47 young (48128K), 5 survivors (5120K)
 Metaspace       used 102735K, committed 104768K, reserved 1179648K
  class space    used 13903K, committed 14912K, reserved 1048576K
}
Event: 12.521 GC heap after
{Heap after GC invocations=32 (full 0):
 garbage-first heap   total 138240K, used 85768K [0x0000000080000000, 0x0000000100000000)
  region size 1024K, 6 young (6144K), 6 survivors (6144K)
 Metaspace       used 102735K, committed 104768K, reserved 1179648K
  class space    used 13903K, committed 14912K, reserved 1048576K
}
Event: 13.170 GC heap before
{Heap before GC invocations=32 (full 0):
 garbage-first heap   total 138240K, used 127752K [0x0000000080000000, 0x0000000100000000)
  region size 1024K, 43 young (44032K), 6 survivors (6144K)
 Metaspace       used 106791K, committed 108864K, reserved 1179648K
  class space    used 14392K, committed 15424K, reserved 1048576K
}
Event: 13.176 GC heap after
{Heap after GC invocations=33 (full 0):
 garbage-first heap   total 171008K, used 90155K [0x0000000080000000, 0x0000000100000000)
  region size 1024K, 6 young (6144K), 6 survivors (6144K)
 Metaspace       used 106791K, committed 108864K, reserved 1179648K
  class space    used 14392K, committed 15424K, reserved 1048576K
}
Event: 13.390 GC heap before
{Heap before GC invocations=33 (full 0):
 garbage-first heap   total 171008K, used 153643K [0x0000000080000000, 0x0000000100000000)
  region size 1024K, 68 young (69632K), 6 survivors (6144K)
 Metaspace       used 106942K, committed 108992K, reserved 1179648K
  class space    used 14400K, committed 15424K, reserved 1048576K
}
Event: 13.395 GC heap after
{Heap after GC invocations=34 (full 0):
 garbage-first heap   total 171008K, used 93895K [0x0000000080000000, 0x0000000100000000)
  region size 1024K, 5 young (5120K), 5 survivors (5120K)
 Metaspace       used 106942K, committed 108992K, reserved 1179648K
  class space    used 14400K, committed 15424K, reserved 1048576K
}

